<?xml version="1.0" encoding="UTF-8" ?>
<testsuite failures="0" time="0.318" errors="0" skipped="0" tests="4" name="com.tuenti.smsradar.SmsObserverTest">
  <properties>
    <property name="java.runtime.name" value="Java(TM) SE Runtime Environment"/>
    <property name="sun.boot.library.path" value="/System/Library/Java/JavaVirtualMachines/1.6.0.jdk/Contents/Libraries"/>
    <property name="java.vm.version" value="20.51-b01-457"/>
    <property name="awt.nativeDoubleBuffering" value="true"/>
    <property name="gopherProxySet" value="false"/>
    <property name="mrj.build" value="11M4509"/>
    <property name="java.vm.vendor" value="Apple Inc."/>
    <property name="java.vendor.url" value="http://www.apple.com/"/>
    <property name="path.separator" value=":"/>
    <property name="java.vm.name" value="Java HotSpot(TM) 64-Bit Server VM"/>
    <property name="file.encoding.pkg" value="sun.io"/>
    <property name="user.country" value="ES"/>
    <property name="sun.java.launcher" value="SUN_STANDARD"/>
    <property name="sun.os.patch.level" value="unknown"/>
    <property name="java.vm.specification.name" value="Java Virtual Machine Specification"/>
    <property name="user.dir" value="/Users/jplana/Code/android-sms-radar-tuenti/library"/>
    <property name="java.runtime.version" value="1.6.0_51-b11-457-11M4509"/>
    <property name="java.awt.graphicsenv" value="apple.awt.CGraphicsEnvironment"/>
    <property name="basedir" value="/Users/jplana/Code/android-sms-radar-tuenti/library"/>
    <property name="java.endorsed.dirs" value="/System/Library/Java/JavaVirtualMachines/1.6.0.jdk/Contents/Home/lib/endorsed"/>
    <property name="os.arch" value="x86_64"/>
    <property name="surefire.real.class.path" value="/Users/jplana/Code/android-sms-radar-tuenti/library/target/surefire/surefirebooter5914764119123629972.jar"/>
    <property name="java.io.tmpdir" value="/var/folders/1p/c2677mvx7z1d_63bchkbv3bw0000gp/T/"/>
    <property name="line.separator" value="
"/>
    <property name="java.vm.specification.vendor" value="Sun Microsystems Inc."/>
    <property name="os.name" value="Mac OS X"/>
    <property name="sun.jnu.encoding" value="MacRoman"/>
    <property name="java.library.path" value=".:/Users/jplana/Library/Java/Extensions:/Library/Java/Extensions:/System/Library/Java/Extensions:/usr/lib/java"/>
    <property name="surefire.test.class.path" value="/Users/jplana/Code/android-sms-radar-tuenti/library/target/test-classes:/Users/jplana/Code/android-sms-radar-tuenti/library/target/classes:/Users/jplana/.m2/repository/com/google/android/android/4.1.1.4/android-4.1.1.4.jar:/Users/jplana/.m2/repository/commons-logging/commons-logging/1.1.1/commons-logging-1.1.1.jar:/Users/jplana/.m2/repository/org/apache/httpcomponents/httpclient/4.0.1/httpclient-4.0.1.jar:/Users/jplana/.m2/repository/org/apache/httpcomponents/httpcore/4.0.1/httpcore-4.0.1.jar:/Users/jplana/.m2/repository/org/khronos/opengl-api/gl1.1-android-2.1_r1/opengl-api-gl1.1-android-2.1_r1.jar:/Users/jplana/.m2/repository/xerces/xmlParserAPIs/2.6.2/xmlParserAPIs-2.6.2.jar:/Users/jplana/.m2/repository/xpp3/xpp3/1.1.4c/xpp3-1.1.4c.jar:/Users/jplana/.m2/repository/org/json/json/20080701/json-20080701.jar:/Users/jplana/.m2/repository/junit/junit/4.8.1/junit-4.8.1.jar:/Users/jplana/.m2/repository/org/robolectric/robolectric/2.2/robolectric-2.2.jar:/Users/jplana/.m2/repository/org/objenesis/objenesis/1.3/objenesis-1.3.jar:/Users/jplana/.m2/repository/org/xerial/sqlite-jdbc/3.7.2/sqlite-jdbc-3.7.2.jar:/Users/jplana/.m2/repository/org/ow2/asm/asm/4.1/asm-4.1.jar:/Users/jplana/.m2/repository/org/ow2/asm/asm-commons/4.1/asm-commons-4.1.jar:/Users/jplana/.m2/repository/org/ow2/asm/asm-tree/4.1/asm-tree-4.1.jar:/Users/jplana/.m2/repository/org/ow2/asm/asm-util/4.1/asm-util-4.1.jar:/Users/jplana/.m2/repository/org/ow2/asm/asm-analysis/4.1/asm-analysis-4.1.jar:/Users/jplana/.m2/repository/commons-codec/commons-codec/1.3/commons-codec-1.3.jar:/Users/jplana/.m2/repository/com/ximpleware/vtd-xml/2.11/vtd-xml-2.11.jar:/Users/jplana/.m2/repository/com/google/android/support-v4/r7/support-v4-r7.jar:/Users/jplana/.m2/repository/org/easytesting/fest-util/1.2.5/fest-util-1.2.5.jar:/Users/jplana/.m2/repository/org/easytesting/fest-reflect/1.4.1/fest-reflect-1.4.1.jar:/Users/jplana/.m2/repository/org/apache/maven/maven-ant-tasks/2.1.3/maven-ant-tasks-2.1.3.jar:/Users/jplana/.m2/repository/org/apache/ant/ant/1.8.0/ant-1.8.0.jar:/Users/jplana/.m2/repository/org/apache/ant/ant-launcher/1.8.0/ant-launcher-1.8.0.jar:/Users/jplana/.m2/repository/classworlds/classworlds/1.1-alpha-2/classworlds-1.1-alpha-2.jar:/Users/jplana/.m2/repository/org/codehaus/plexus/plexus-container-default/1.0-alpha-9-stable-1/plexus-container-default-1.0-alpha-9-stable-1.jar:/Users/jplana/.m2/repository/org/codehaus/plexus/plexus-utils/1.5.15/plexus-utils-1.5.15.jar:/Users/jplana/.m2/repository/org/codehaus/plexus/plexus-interpolation/1.11/plexus-interpolation-1.11.jar:/Users/jplana/.m2/repository/org/apache/maven/maven-artifact/2.2.1/maven-artifact-2.2.1.jar:/Users/jplana/.m2/repository/org/apache/maven/maven-artifact-manager/2.2.1/maven-artifact-manager-2.2.1.jar:/Users/jplana/.m2/repository/org/apache/maven/maven-repository-metadata/2.2.1/maven-repository-metadata-2.2.1.jar:/Users/jplana/.m2/repository/backport-util-concurrent/backport-util-concurrent/3.1/backport-util-concurrent-3.1.jar:/Users/jplana/.m2/repository/org/apache/maven/maven-model/2.2.1/maven-model-2.2.1.jar:/Users/jplana/.m2/repository/org/apache/maven/maven-project/2.2.1/maven-project-2.2.1.jar:/Users/jplana/.m2/repository/org/apache/maven/maven-profile/2.2.1/maven-profile-2.2.1.jar:/Users/jplana/.m2/repository/org/apache/maven/maven-plugin-registry/2.2.1/maven-plugin-registry-2.2.1.jar:/Users/jplana/.m2/repository/org/apache/maven/maven-error-diagnostics/2.2.1/maven-error-diagnostics-2.2.1.jar:/Users/jplana/.m2/repository/org/apache/maven/maven-settings/2.2.1/maven-settings-2.2.1.jar:/Users/jplana/.m2/repository/org/apache/maven/wagon/wagon-file/1.0-beta-6/wagon-file-1.0-beta-6.jar:/Users/jplana/.m2/repository/org/apache/maven/wagon/wagon-http-lightweight/1.0-beta-6/wagon-http-lightweight-1.0-beta-6.jar:/Users/jplana/.m2/repository/org/apache/maven/wagon/wagon-http-shared/1.0-beta-6/wagon-http-shared-1.0-beta-6.jar:/Users/jplana/.m2/repository/nekohtml/xercesMinimal/1.9.6.2/xercesMinimal-1.9.6.2.jar:/Users/jplana/.m2/repository/nekohtml/nekohtml/1.9.6.2/nekohtml-1.9.6.2.jar:/Users/jplana/.m2/repository/org/apache/maven/wagon/wagon-provider-api/1.0-beta-6/wagon-provider-api-1.0-beta-6.jar:/Users/jplana/.m2/repository/org/mockito/mockito-all/1.9.5/mockito-all-1.9.5.jar:"/>
    <property name="java.specification.name" value="Java Platform API Specification"/>
    <property name="java.class.version" value="50.0"/>
    <property name="sun.management.compiler" value="HotSpot 64-Bit Tiered Compilers"/>
    <property name="os.version" value="10.7.5"/>
    <property name="http.nonProxyHosts" value="local|*.local|169.254/16|*.169.254/16"/>
    <property name="user.home" value="/Users/jplana"/>
    <property name="user.timezone" value="Europe/Madrid"/>
    <property name="java.awt.printerjob" value="apple.awt.CPrinterJob"/>
    <property name="java.specification.version" value="1.6"/>
    <property name="file.encoding" value="MacRoman"/>
    <property name="user.name" value="jplana"/>
    <property name="java.class.path" value="/Users/jplana/Code/android-sms-radar-tuenti/library/target/test-classes:/Users/jplana/Code/android-sms-radar-tuenti/library/target/classes:/Users/jplana/.m2/repository/com/google/android/android/4.1.1.4/android-4.1.1.4.jar:/Users/jplana/.m2/repository/commons-logging/commons-logging/1.1.1/commons-logging-1.1.1.jar:/Users/jplana/.m2/repository/org/apache/httpcomponents/httpclient/4.0.1/httpclient-4.0.1.jar:/Users/jplana/.m2/repository/org/apache/httpcomponents/httpcore/4.0.1/httpcore-4.0.1.jar:/Users/jplana/.m2/repository/org/khronos/opengl-api/gl1.1-android-2.1_r1/opengl-api-gl1.1-android-2.1_r1.jar:/Users/jplana/.m2/repository/xerces/xmlParserAPIs/2.6.2/xmlParserAPIs-2.6.2.jar:/Users/jplana/.m2/repository/xpp3/xpp3/1.1.4c/xpp3-1.1.4c.jar:/Users/jplana/.m2/repository/org/json/json/20080701/json-20080701.jar:/Users/jplana/.m2/repository/junit/junit/4.8.1/junit-4.8.1.jar:/Users/jplana/.m2/repository/org/robolectric/robolectric/2.2/robolectric-2.2.jar:/Users/jplana/.m2/repository/org/objenesis/objenesis/1.3/objenesis-1.3.jar:/Users/jplana/.m2/repository/org/xerial/sqlite-jdbc/3.7.2/sqlite-jdbc-3.7.2.jar:/Users/jplana/.m2/repository/org/ow2/asm/asm/4.1/asm-4.1.jar:/Users/jplana/.m2/repository/org/ow2/asm/asm-commons/4.1/asm-commons-4.1.jar:/Users/jplana/.m2/repository/org/ow2/asm/asm-tree/4.1/asm-tree-4.1.jar:/Users/jplana/.m2/repository/org/ow2/asm/asm-util/4.1/asm-util-4.1.jar:/Users/jplana/.m2/repository/org/ow2/asm/asm-analysis/4.1/asm-analysis-4.1.jar:/Users/jplana/.m2/repository/commons-codec/commons-codec/1.3/commons-codec-1.3.jar:/Users/jplana/.m2/repository/com/ximpleware/vtd-xml/2.11/vtd-xml-2.11.jar:/Users/jplana/.m2/repository/com/google/android/support-v4/r7/support-v4-r7.jar:/Users/jplana/.m2/repository/org/easytesting/fest-util/1.2.5/fest-util-1.2.5.jar:/Users/jplana/.m2/repository/org/easytesting/fest-reflect/1.4.1/fest-reflect-1.4.1.jar:/Users/jplana/.m2/repository/org/apache/maven/maven-ant-tasks/2.1.3/maven-ant-tasks-2.1.3.jar:/Users/jplana/.m2/repository/org/apache/ant/ant/1.8.0/ant-1.8.0.jar:/Users/jplana/.m2/repository/org/apache/ant/ant-launcher/1.8.0/ant-launcher-1.8.0.jar:/Users/jplana/.m2/repository/classworlds/classworlds/1.1-alpha-2/classworlds-1.1-alpha-2.jar:/Users/jplana/.m2/repository/org/codehaus/plexus/plexus-container-default/1.0-alpha-9-stable-1/plexus-container-default-1.0-alpha-9-stable-1.jar:/Users/jplana/.m2/repository/org/codehaus/plexus/plexus-utils/1.5.15/plexus-utils-1.5.15.jar:/Users/jplana/.m2/repository/org/codehaus/plexus/plexus-interpolation/1.11/plexus-interpolation-1.11.jar:/Users/jplana/.m2/repository/org/apache/maven/maven-artifact/2.2.1/maven-artifact-2.2.1.jar:/Users/jplana/.m2/repository/org/apache/maven/maven-artifact-manager/2.2.1/maven-artifact-manager-2.2.1.jar:/Users/jplana/.m2/repository/org/apache/maven/maven-repository-metadata/2.2.1/maven-repository-metadata-2.2.1.jar:/Users/jplana/.m2/repository/backport-util-concurrent/backport-util-concurrent/3.1/backport-util-concurrent-3.1.jar:/Users/jplana/.m2/repository/org/apache/maven/maven-model/2.2.1/maven-model-2.2.1.jar:/Users/jplana/.m2/repository/org/apache/maven/maven-project/2.2.1/maven-project-2.2.1.jar:/Users/jplana/.m2/repository/org/apache/maven/maven-profile/2.2.1/maven-profile-2.2.1.jar:/Users/jplana/.m2/repository/org/apache/maven/maven-plugin-registry/2.2.1/maven-plugin-registry-2.2.1.jar:/Users/jplana/.m2/repository/org/apache/maven/maven-error-diagnostics/2.2.1/maven-error-diagnostics-2.2.1.jar:/Users/jplana/.m2/repository/org/apache/maven/maven-settings/2.2.1/maven-settings-2.2.1.jar:/Users/jplana/.m2/repository/org/apache/maven/wagon/wagon-file/1.0-beta-6/wagon-file-1.0-beta-6.jar:/Users/jplana/.m2/repository/org/apache/maven/wagon/wagon-http-lightweight/1.0-beta-6/wagon-http-lightweight-1.0-beta-6.jar:/Users/jplana/.m2/repository/org/apache/maven/wagon/wagon-http-shared/1.0-beta-6/wagon-http-shared-1.0-beta-6.jar:/Users/jplana/.m2/repository/nekohtml/xercesMinimal/1.9.6.2/xercesMinimal-1.9.6.2.jar:/Users/jplana/.m2/repository/nekohtml/nekohtml/1.9.6.2/nekohtml-1.9.6.2.jar:/Users/jplana/.m2/repository/org/apache/maven/wagon/wagon-provider-api/1.0-beta-6/wagon-provider-api-1.0-beta-6.jar:/Users/jplana/.m2/repository/org/mockito/mockito-all/1.9.5/mockito-all-1.9.5.jar:"/>
    <property name="java.vm.specification.version" value="1.0"/>
    <property name="sun.arch.data.model" value="64"/>
    <property name="java.home" value="/System/Library/Java/JavaVirtualMachines/1.6.0.jdk/Contents/Home"/>
    <property name="sun.java.command" value="/Users/jplana/Code/android-sms-radar-tuenti/library/target/surefire/surefirebooter5914764119123629972.jar /Users/jplana/Code/android-sms-radar-tuenti/library/target/surefire/surefire5859511121385663902tmp /Users/jplana/Code/android-sms-radar-tuenti/library/target/surefire/surefire3865512501432990803tmp"/>
    <property name="java.specification.vendor" value="Sun Microsystems Inc."/>
    <property name="user.language" value="es"/>
    <property name="awt.toolkit" value="apple.awt.CToolkit"/>
    <property name="java.vm.info" value="mixed mode"/>
    <property name="java.version" value="1.6.0_51"/>
    <property name="java.ext.dirs" value="/Users/jplana/Library/Java/Extensions:/Library/Java/Extensions:/System/Library/Java/Extensions:/System/Library/Java/JavaVirtualMachines/1.6.0.jdk/Contents/Home/lib/ext"/>
    <property name="sun.boot.class.path" value="/System/Library/Java/JavaVirtualMachines/1.6.0.jdk/Contents/Classes/jsfd.jar:/System/Library/Java/JavaVirtualMachines/1.6.0.jdk/Contents/Classes/classes.jar:/System/Library/Frameworks/JavaVM.framework/Frameworks/JavaRuntimeSupport.framework/Resources/Java/JavaRuntimeSupport.jar:/System/Library/Java/JavaVirtualMachines/1.6.0.jdk/Contents/Classes/ui.jar:/System/Library/Java/JavaVirtualMachines/1.6.0.jdk/Contents/Classes/laf.jar:/System/Library/Java/JavaVirtualMachines/1.6.0.jdk/Contents/Classes/sunrsasign.jar:/System/Library/Java/JavaVirtualMachines/1.6.0.jdk/Contents/Classes/jsse.jar:/System/Library/Java/JavaVirtualMachines/1.6.0.jdk/Contents/Classes/jce.jar:/System/Library/Java/JavaVirtualMachines/1.6.0.jdk/Contents/Classes/charsets.jar"/>
    <property name="java.vendor" value="Apple Inc."/>
    <property name="localRepository" value="/Users/jplana/.m2/repository"/>
    <property name="file.separator" value="/"/>
    <property name="java.vendor.url.bug" value="http://bugreport.apple.com/"/>
    <property name="sun.cpu.endian" value="little"/>
    <property name="sun.io.unicode.encoding" value="UnicodeLittle"/>
    <property name="mrj.version" value="1070.1.6.0_51-457"/>
    <property name="socksNonProxyHosts" value="local|*.local|169.254/16|*.169.254/16"/>
    <property name="ftp.nonProxyHosts" value="local|*.local|169.254/16|*.169.254/16"/>
    <property name="sun.cpu.isalist" value=""/>
  </properties>
  <testcase time="0.202" classname="com.tuenti.smsradar.SmsObserverTest" name="shuouldNotNotifySmsListenerIfSmsContentProviderCursorIsNotAvailable"/>
  <testcase time="0.048" classname="com.tuenti.smsradar.SmsObserverTest" name="shouldNotifySmsListenerWithSmsReceived"/>
  <testcase time="0.023" classname="com.tuenti.smsradar.SmsObserverTest" name="shouldNotifySmsListenerWithSmsSent"/>
  <testcase time="0.012" classname="com.tuenti.smsradar.SmsObserverTest" name="shouldCloseBothCursors"/>
</testsuite>